<?xml version="1.0" encoding="UTF-8"?>
<testng-results skipped="0" failed="0" ignored="0" total="1" passed="1">
  <reporter-output>
  </reporter-output>
  <suite name="Suite" duration-ms="133527" started-at="2020-04-12T16:42:55Z" finished-at="2020-04-12T16:45:09Z">
    <groups>
    </groups>
    <test name="Test1" duration-ms="133527" started-at="2020-04-12T16:42:55Z" finished-at="2020-04-12T16:45:09Z">
      <class name="TestCases.login">
        <test-method status="PASS" signature="beforeTest()[pri:0, instance:TestCases.login@78ac1102]" name="beforeTest" is-config="true" duration-ms="95657" started-at="2020-04-12T16:42:55Z" finished-at="2020-04-12T16:44:31Z">
          <reporter-output>
          </reporter-output>
        </test-method> <!-- beforeTest -->
        <test-method status="PASS" signature="loginApplication()[pri:0, instance:TestCases.login@78ac1102]" name="loginApplication" duration-ms="36373" started-at="2020-04-12T16:44:31Z" finished-at="2020-04-12T16:45:08Z">
          <reporter-output>
          </reporter-output>
        </test-method> <!-- loginApplication -->
        <test-method status="PASS" signature="CloseApplication()[pri:0, instance:TestCases.login@78ac1102]" name="CloseApplication" is-config="true" duration-ms="990" started-at="2020-04-12T16:45:08Z" finished-at="2020-04-12T16:45:09Z">
          <reporter-output>
          </reporter-output>
        </test-method> <!-- CloseApplication -->
      </class> <!-- TestCases.login -->
    </test> <!-- Test1 -->
  </suite> <!-- Suite -->
</testng-results>
